e:\etudes\paris miage if\ppc\projet\programmation-par-composante\verificateur\verificateur\debug\vc140.pdb
e:\etudes\paris miage if\ppc\projet\programmation-par-composante\verificateur\verificateur\debug\vc140.idb
e:\etudes\paris miage if\ppc\projet\programmation-par-composante\verificateur\verificateur\debug\verificateur.obj
e:\etudes\paris miage if\ppc\projet\programmation-par-composante\verificateur\verificateur\debug\verificateur.res
e:\etudes\paris miage if\ppc\projet\programmation-par-composante\verificateur\debug\verificateur.pdb
e:\etudes\paris miage if\ppc\projet\programmation-par-composante\verificateur\verificateur\debug\verificateur.tlog\cl.command.1.tlog
e:\etudes\paris miage if\ppc\projet\programmation-par-composante\verificateur\verificateur\debug\verificateur.tlog\cl.read.1.tlog
e:\etudes\paris miage if\ppc\projet\programmation-par-composante\verificateur\verificateur\debug\verificateur.tlog\cl.write.1.tlog
e:\etudes\paris miage if\ppc\projet\programmation-par-composante\verificateur\verificateur\debug\verificateur.tlog\link-cvtres.read.1.tlog
e:\etudes\paris miage if\ppc\projet\programmation-par-composante\verificateur\verificateur\debug\verificateur.tlog\link-cvtres.write.1.tlog
e:\etudes\paris miage if\ppc\projet\programmation-par-composante\verificateur\verificateur\debug\verificateur.tlog\link-mt.read.1.tlog
e:\etudes\paris miage if\ppc\projet\programmation-par-composante\verificateur\verificateur\debug\verificateur.tlog\link-mt.write.1.tlog
e:\etudes\paris miage if\ppc\projet\programmation-par-composante\verificateur\verificateur\debug\verificateur.tlog\link-rc.read.1.tlog
e:\etudes\paris miage if\ppc\projet\programmation-par-composante\verificateur\verificateur\debug\verificateur.tlog\link-rc.write.1.tlog
e:\etudes\paris miage if\ppc\projet\programmation-par-composante\verificateur\verificateur\debug\verificateur.tlog\link.command.1.tlog
e:\etudes\paris miage if\ppc\projet\programmation-par-composante\verificateur\verificateur\debug\verificateur.tlog\link.read.1.tlog
e:\etudes\paris miage if\ppc\projet\programmation-par-composante\verificateur\verificateur\debug\verificateur.tlog\link.write.1.tlog
e:\etudes\paris miage if\ppc\projet\programmation-par-composante\verificateur\verificateur\debug\verificateur.tlog\rc.command.1.tlog
e:\etudes\paris miage if\ppc\projet\programmation-par-composante\verificateur\verificateur\debug\verificateur.tlog\rc.read.1.tlog
e:\etudes\paris miage if\ppc\projet\programmation-par-composante\verificateur\verificateur\debug\verificateur.tlog\rc.write.1.tlog
