e:\etudes\paris miage if\ppc\projet\programmation-par-composante\verificateur\consoleapplication2-dll\consoleapplication2\debug\composant3dll.pch
e:\etudes\paris miage if\ppc\projet\programmation-par-composante\verificateur\consoleapplication2-dll\consoleapplication2\debug\vc140.pdb
e:\etudes\paris miage if\ppc\projet\programmation-par-composante\verificateur\consoleapplication2-dll\consoleapplication2\debug\vc140.idb
e:\etudes\paris miage if\ppc\projet\programmation-par-composante\verificateur\consoleapplication2-dll\consoleapplication2\debug\stdafx.obj
e:\etudes\paris miage if\ppc\projet\programmation-par-composante\verificateur\consoleapplication2-dll\consoleapplication2\debug\consoleapplication2.obj
e:\etudes\paris miage if\ppc\projet\programmation-par-composante\verificateur\consoleapplication2-dll\consoleapplication2\debug\dummybloc.obj
e:\etudes\paris miage if\ppc\projet\programmation-par-composante\verificateur\consoleapplication2-dll\consoleapplication2\debug\mineur.obj
e:\etudes\paris miage if\ppc\projet\programmation-par-composante\verificateur\consoleapplication2-dll\consoleapplication2\debug\dllmain.obj
e:\etudes\paris miage if\ppc\projet\programmation-par-composante\verificateur\debug\composant3dll.lib
e:\etudes\paris miage if\ppc\projet\programmation-par-composante\verificateur\debug\composant3dll.exp
e:\etudes\paris miage if\ppc\projet\programmation-par-composante\verificateur\debug\composant3dll.ilk
e:\etudes\paris miage if\ppc\projet\programmation-par-composante\verificateur\debug\composant3dll.dll
e:\etudes\paris miage if\ppc\projet\programmation-par-composante\verificateur\debug\composant3dll.pdb
e:\etudes\paris miage if\ppc\projet\programmation-par-composante\verificateur\consoleapplication2-dll\consoleapplication2\debug\composant3dll.tlog\cl.command.1.tlog
e:\etudes\paris miage if\ppc\projet\programmation-par-composante\verificateur\consoleapplication2-dll\consoleapplication2\debug\composant3dll.tlog\cl.read.1.tlog
e:\etudes\paris miage if\ppc\projet\programmation-par-composante\verificateur\consoleapplication2-dll\consoleapplication2\debug\composant3dll.tlog\cl.write.1.tlog
e:\etudes\paris miage if\ppc\projet\programmation-par-composante\verificateur\consoleapplication2-dll\consoleapplication2\debug\composant3dll.tlog\composant3dll.write.1u.tlog
e:\etudes\paris miage if\ppc\projet\programmation-par-composante\verificateur\consoleapplication2-dll\consoleapplication2\debug\composant3dll.tlog\link.command.1.tlog
e:\etudes\paris miage if\ppc\projet\programmation-par-composante\verificateur\consoleapplication2-dll\consoleapplication2\debug\composant3dll.tlog\link.read.1.tlog
e:\etudes\paris miage if\ppc\projet\programmation-par-composante\verificateur\consoleapplication2-dll\consoleapplication2\debug\composant3dll.tlog\link.write.1.tlog
