c:\users\mkharraz\desktop\dev\composant4\composant4\x64\debug\vc140.pdb
c:\users\mkharraz\desktop\dev\composant4\composant4\x64\debug\vc140.idb
c:\users\mkharraz\desktop\dev\composant4\composant4\x64\debug\hacheur.obj
d:\dauphine\programmation par composants\exercice block chain\composant4-master\composant4-master\composant4\x64\debug\vc140.pdb
d:\dauphine\programmation par composants\exercice block chain\composant4-master\composant4-master\composant4\x64\debug\vc140.idb
d:\dauphine\programmation par composants\exercice block chain\composant4-master\composant4-master\composant4\x64\debug\hacheur.obj
c:\users\mkharraz\desktop\dev\composant4\x64\debug\composant4.lib
c:\users\mkharraz\desktop\dev\composant4\x64\debug\composant4.exp
d:\dauphine\programmation par composants\exercice block chain\composant4-master\composant4-master\x64\debug\composant4.lib
d:\dauphine\programmation par composants\exercice block chain\composant4-master\composant4-master\x64\debug\composant4.exp
c:\users\mkharraz\desktop\dev\composant4\x64\debug\composant4.ilk
c:\users\mkharraz\desktop\dev\composant4\x64\debug\composant4.dll
c:\users\mkharraz\desktop\dev\composant4\x64\debug\composant4.pdb
d:\dauphine\programmation par composants\exercice block chain\composant4-master\composant4-master\x64\debug\composant4.ilk
d:\dauphine\programmation par composants\exercice block chain\composant4-master\composant4-master\x64\debug\composant4.dll
d:\dauphine\programmation par composants\exercice block chain\composant4-master\composant4-master\x64\debug\composant4.pdb
d:\dauphine\programmation par composants\exercice block chain\composant4-master\composant4-master\composant4\x64\debug\composant4.tlog\cl.command.1.tlog
d:\dauphine\programmation par composants\exercice block chain\composant4-master\composant4-master\composant4\x64\debug\composant4.tlog\cl.read.1.tlog
d:\dauphine\programmation par composants\exercice block chain\composant4-master\composant4-master\composant4\x64\debug\composant4.tlog\cl.write.1.tlog
d:\dauphine\programmation par composants\exercice block chain\composant4-master\composant4-master\composant4\x64\debug\composant4.tlog\composant4.write.1u.tlog
d:\dauphine\programmation par composants\exercice block chain\composant4-master\composant4-master\composant4\x64\debug\composant4.tlog\link.command.1.tlog
d:\dauphine\programmation par composants\exercice block chain\composant4-master\composant4-master\composant4\x64\debug\composant4.tlog\link.read.1.tlog
d:\dauphine\programmation par composants\exercice block chain\composant4-master\composant4-master\composant4\x64\debug\composant4.tlog\link.write.1.tlog
